[35m[1mConsolidate compiler generated dependencies of target load_payload_settings[0m
[35m[1mConsolidate compiler generated dependencies of target eo_record_video[0m
[35m[1mConsolidate compiler generated dependencies of target connect[0m
[35m[1mConsolidate compiler generated dependencies of target eo_capture_image[0m
[  7%] Built target eo_record_video
[ 14%] Built target load_payload_settings
[35m[1mConsolidate compiler generated dependencies of target get_video_streaming[0m
[ 21%] Built target eo_capture_image
[ 28%] Built target get_video_streaming
[ 35%] Built target connect
[35m[1mConsolidate compiler generated dependencies of target move_gimbal_angle_mode[0m
[35m[1mConsolidate compiler generated dependencies of target eo_set_camera_zoom_focus[0m
[35m[1mConsolidate compiler generated dependencies of target move_gimbal_speed_mode[0m
[35m[1mConsolidate compiler generated dependencies of target gimbal_set_mode[0m
[ 42%] Built target move_gimbal_angle_mode
[ 50%] Built target move_gimbal_speed_mode
[ 57%] Built target eo_set_camera_zoom_focus
[35m[1mConsolidate compiler generated dependencies of target ir_set_camera_zoom[0m
[ 64%] Built target gimbal_set_mode
[35m[1mConsolidate compiler generated dependencies of target ir_capture_image[0m
[35m[1mConsolidate compiler generated dependencies of target ir_set_palete[0m
[35m[1mConsolidate compiler generated dependencies of target ir_record_video[0m
[ 71%] Built target ir_set_camera_zoom
[ 78%] Built target ir_capture_image
[ 82%] [32mBuilding CXX object examples/CMakeFiles/ir_set_palete.dir/ir_set_palete.cpp.o[0m
[35m[1mConsolidate compiler generated dependencies of target download_media_files[0m
[ 89%] Built target ir_record_video
[01m[Kcc1plus:[m[K [01;31m[Kfatal error: [m[K/home/dtc/humanflow/ros2_ghadron_gimbal/src/PayloadSdk/examples/ir_set_palete.cpp: No such file or directory
compilation terminated.
gmake[2]: *** [examples/CMakeFiles/ir_set_palete.dir/build.make:76: examples/CMakeFiles/ir_set_palete.dir/ir_set_palete.cpp.o] Error 1
gmake[1]: *** [CMakeFiles/Makefile2:436: examples/CMakeFiles/ir_set_palete.dir/all] Error 2
gmake[1]: *** Waiting for unfinished jobs....
[ 96%] Built target download_media_files
gmake: *** [Makefile:91: all] Error 2
