[0.736s] Invoking command in '/home/dtc-mrsd/Downloads/ros2_gimbal_ws/build/image_publisher': CMAKE_PREFIX_PATH=${CMAKE_PREFIX_PATH}:/home/dtc-mrsd/Downloads/ros2_gimbal_ws/install/gimbal_bringup:/home/dtc-mrsd/Downloads/ros2_gimbal_ws/install/yolo_detection:/home/dtc-mrsd/Downloads/ros2_gimbal_ws/install/rtsp_viewer:/home/dtc-mrsd/Downloads/ros2_gimbal_ws/install/image_viewer:/home/dtc-mrsd/Downloads/ros2_gimbal_ws/install/human_tracking:/opt/ros/humble /usr/bin/cmake --build /home/dtc-mrsd/Downloads/ros2_gimbal_ws/build/image_publisher -- -j12 -l12
[1.112s] [ 25%] [32mBuilding CXX object CMakeFiles/image_publisher.dir/src/image_publisher.cpp.o[0m
[4.319s] [01m[K/home/dtc-mrsd/Downloads/ros2_gimbal_ws/src/image_publisher/src/image_publisher.cpp:[m[K In constructor â€˜[01m[Kimage_publisher::ImagePublisher::ImagePublisher(const rclcpp::NodeOptions&, const string&)[m[Kâ€™:
[4.319s] [01m[K/home/dtc-mrsd/Downloads/ros2_gimbal_ws/src/image_publisher/src/image_publisher.cpp:71:3:[m[K [01;31m[Kerror: [m[Kâ€˜[01m[Kbuffer_size_[m[Kâ€™ was not declared in this scope
[4.320s]    71 |   [01;31m[Kbuffer_size_[m[K = this->declare_parameter("buffer_size", 1);
[4.320s]       |   [01;31m[K^~~~~~~~~~~~[m[K
[4.363s] [01m[K/home/dtc-mrsd/Downloads/ros2_gimbal_ws/src/image_publisher/src/image_publisher.cpp:[m[K In member function â€˜[01m[Kvoid image_publisher::ImagePublisher::doWork()[m[Kâ€™:
[4.363s] [01m[K/home/dtc-mrsd/Downloads/ros2_gimbal_ws/src/image_publisher/src/image_publisher.cpp:189:19:[m[K [01;31m[Kerror: [m[Kno matching function for call to â€˜[01m[Kimage_transport::CameraPublisher::publish(std::remove_reference<std::unique_ptr<sensor_msgs::msg::Image_<std::allocator<void> >, std::default_delete<sensor_msgs::msg::Image_<std::allocator<void> > > >&>::type, std::remove_reference<sensor_msgs::msg::CameraInfo_<std::allocator<void> >&>::type)[m[Kâ€™
[4.363s]   189 |       [01;31m[Kpub_.publish(std::move(out_img), std::move(camera_info_))[m[K;
[4.363s]       |       [01;31m[K~~~~~~~~~~~~^~~~~~~~~~~~~~~~~~~~~~~~~~~~~~~~~~~~~~~~~~~~~[m[K
[4.363s] In file included from [01m[K/opt/ros/humble/include/image_transport/image_transport/image_transport.hpp:39[m[K,
[4.363s]                  from [01m[K/home/dtc-mrsd/Downloads/ros2_gimbal_ws/src/image_publisher/include/image_publisher/image_publisher.hpp:38[m[K,
[4.363s]                  from [01m[K/home/dtc-mrsd/Downloads/ros2_gimbal_ws/src/image_publisher/src/image_publisher.cpp:48[m[K:
[4.363s] [01m[K/opt/ros/humble/include/image_transport/image_transport/camera_publisher.hpp:103:8:[m[K [01;36m[Knote: [m[Kcandidate: â€˜[01m[Kvoid image_transport::CameraPublisher::publish(const Image&, const CameraInfo&) const[m[Kâ€™
[4.363s]   103 |   void [01;36m[Kpublish[m[K(
[4.364s]       |        [01;36m[K^~~~~~~[m[K
[4.364s] [01m[K/opt/ros/humble/include/image_transport/image_transport/camera_publisher.hpp:104:37:[m[K [01;36m[Knote: [m[K  no known conversion for argument 1 from â€˜[01m[Kstd::remove_reference<std::unique_ptr<sensor_msgs::msg::Image_<std::allocator<void> >, std::default_delete<sensor_msgs::msg::Image_<std::allocator<void> > > >&>::type[m[Kâ€™ {aka â€˜[01m[Kstd::unique_ptr<sensor_msgs::msg::Image_<std::allocator<void> >, std::default_delete<sensor_msgs::msg::Image_<std::allocator<void> > > >[m[Kâ€™} to â€˜[01m[Kconst Image&[m[Kâ€™ {aka â€˜[01m[Kconst sensor_msgs::msg::Image_<std::allocator<void> >&[m[Kâ€™}
[4.364s]   104 |     [01;36m[Kconst sensor_msgs::msg::Image & image[m[K,
[4.364s]       |     [01;36m[K~~~~~~~~~~~~~~~~~~~~~~~~~~~~~~~~^~~~~[m[K
[4.364s] [01m[K/opt/ros/humble/include/image_transport/image_transport/camera_publisher.hpp:111:8:[m[K [01;36m[Knote: [m[Kcandidate: â€˜[01m[Kvoid image_transport::CameraPublisher::publish(const ConstSharedPtr&, const ConstSharedPtr&) const[m[Kâ€™
[4.364s]   111 |   void [01;36m[Kpublish[m[K(
[4.364s]       |        [01;36m[K^~~~~~~[m[K
[4.364s] [01m[K/opt/ros/humble/include/image_transport/image_transport/camera_publisher.hpp:113:58:[m[K [01;36m[Knote: [m[K  no known conversion for argument 2 from â€˜[01m[Kstd::remove_reference<sensor_msgs::msg::CameraInfo_<std::allocator<void> >&>::type[m[Kâ€™ {aka â€˜[01m[Ksensor_msgs::msg::CameraInfo_<std::allocator<void> >[m[Kâ€™} to â€˜[01m[Kconst ConstSharedPtr&[m[Kâ€™ {aka â€˜[01m[Kconst std::shared_ptr<const sensor_msgs::msg::CameraInfo_<std::allocator<void> > >&[m[Kâ€™}
[4.364s]   113 |     [01;36m[Kconst sensor_msgs::msg::CameraInfo::ConstSharedPtr & info[m[K) const;
[4.364s]       |     [01;36m[K~~~~~~~~~~~~~~~~~~~~~~~~~~~~~~~~~~~~~~~~~~~~~~~~~~~~~^~~~[m[K
[4.364s] [01m[K/opt/ros/humble/include/image_transport/image_transport/camera_publisher.hpp:123:8:[m[K [01;36m[Knote: [m[Kcandidate: â€˜[01m[Kvoid image_transport::CameraPublisher::publish(sensor_msgs::msg::Image&, sensor_msgs::msg::CameraInfo&, rclcpp::Time) const[m[Kâ€™
[4.364s]   123 |   void [01;36m[Kpublish[m[K(
[4.364s]       |        [01;36m[K^~~~~~~[m[K
[4.364s] [01m[K/opt/ros/humble/include/image_transport/image_transport/camera_publisher.hpp:123:8:[m[K [01;36m[Knote: [m[K  candidate expects 3 arguments, 2 provided
[4.376s] [01m[K/home/dtc-mrsd/Downloads/ros2_gimbal_ws/src/image_publisher/src/image_publisher.cpp:[m[K In member function â€˜[01m[Kvoid image_publisher::ImagePublisher::onInit()[m[Kâ€™:
[4.376s] [01m[K/home/dtc-mrsd/Downloads/ros2_gimbal_ws/src/image_publisher/src/image_publisher.cpp:205:41:[m[K [01;31m[Kerror: [m[Kâ€˜[01m[Kbuffer_size_[m[Kâ€™ was not declared in this scope
[4.376s]   205 |       cap_.set(cv::CAP_PROP_BUFFERSIZE, [01;31m[Kbuffer_size_[m[K);
[4.376s]       |                                         [01;31m[K^~~~~~~~~~~~[m[K
[4.379s] [01m[K/home/dtc-mrsd/Downloads/ros2_gimbal_ws/src/image_publisher/src/image_publisher.cpp:209:20:[m[K [01;31m[Kerror: [m[Kâ€˜[01m[KCAP_PROP_RTSP_TRANSPORT[m[Kâ€™ is not a member of â€˜[01m[Kcv[m[Kâ€™
[4.379s]   209 |       cap_.set(cv::[01;31m[KCAP_PROP_RTSP_TRANSPORT[m[K, cv::CAP_RTSP_UDP);
[4.379s]       |                    [01;31m[K^~~~~~~~~~~~~~~~~~~~~~~[m[K
[4.380s] [01m[K/home/dtc-mrsd/Downloads/ros2_gimbal_ws/src/image_publisher/src/image_publisher.cpp:209:49:[m[K [01;31m[Kerror: [m[Kâ€˜[01m[KCAP_RTSP_UDP[m[Kâ€™ is not a member of â€˜[01m[Kcv[m[Kâ€™
[4.380s]   209 |       cap_.set(cv::CAP_PROP_RTSP_TRANSPORT, cv::[01;31m[KCAP_RTSP_UDP[m[K);
[4.381s]       |                                                 [01;31m[K^~~~~~~~~~~~[m[K
[5.488s] gmake[2]: *** [CMakeFiles/image_publisher.dir/build.make:76: CMakeFiles/image_publisher.dir/src/image_publisher.cpp.o] Error 1
[5.488s] gmake[1]: *** [CMakeFiles/Makefile2:139: CMakeFiles/image_publisher.dir/all] Error 2
[5.488s] gmake: *** [Makefile:146: all] Error 2
[5.490s] Invoked command in '/home/dtc-mrsd/Downloads/ros2_gimbal_ws/build/image_publisher' returned '2': CMAKE_PREFIX_PATH=${CMAKE_PREFIX_PATH}:/home/dtc-mrsd/Downloads/ros2_gimbal_ws/install/gimbal_bringup:/home/dtc-mrsd/Downloads/ros2_gimbal_ws/install/yolo_detection:/home/dtc-mrsd/Downloads/ros2_gimbal_ws/install/rtsp_viewer:/home/dtc-mrsd/Downloads/ros2_gimbal_ws/install/image_viewer:/home/dtc-mrsd/Downloads/ros2_gimbal_ws/install/human_tracking:/opt/ros/humble /usr/bin/cmake --build /home/dtc-mrsd/Downloads/ros2_gimbal_ws/build/image_publisher -- -j12 -l12
